<?xml version="1.0" encoding="UTF-8"?>
<!-- Generated by org.testng.reporters.JUnitReportReporter -->
<testsuite skipped="0" hostname="DESKTOP-OO9JJOQ" name="com.qa.hubspot.tests.LogInPageTest" tests="3" failures="0" timestamp="23 Oct 2020 15:53:54 GMT" time="36.659" errors="0">
  <testcase name="verifyloginpage_title_Test" time="0.050" classname="com.qa.hubspot.tests.LogInPageTest"/>
  <testcase name="verifysignup_link_Test" time="1.385" classname="com.qa.hubspot.tests.LogInPageTest"/>
  <testcase name="login_Test" time="35.224" classname="com.qa.hubspot.tests.LogInPageTest"/>
</testsuite> <!-- com.qa.hubspot.tests.LogInPageTest -->
