<?xml version="1.0" encoding="UTF-8"?>
<!-- Generated by org.testng.reporters.JUnitReportReporter -->
<testsuite skipped="0" hostname="DESKTOP-OO9JJOQ" name="com.qa.hubspot.tests.LogInPageTest" tests="3" failures="0" timestamp="16 Oct 2020 07:05:31 GMT" time="20.950" errors="0">
  <testcase name="verifyloginpage_title_Test" time="0.023" classname="com.qa.hubspot.tests.LogInPageTest"/>
  <testcase name="verifysignup_link_Test" time="0.085" classname="com.qa.hubspot.tests.LogInPageTest"/>
  <testcase name="login_Test" time="20.842" classname="com.qa.hubspot.tests.LogInPageTest"/>
</testsuite> <!-- com.qa.hubspot.tests.LogInPageTest -->
