<?xml version="1.0" encoding="UTF-8"?>
<!-- Generated by org.testng.reporters.JUnitReportReporter -->
<testsuite skipped="0" hostname="DESKTOP-OO9JJOQ" name="com.qa.hubspot.tests.HomePageTest" tests="3" failures="0" timestamp="23 Oct 2020 15:53:54 GMT" time="7.564" errors="0">
  <testcase name="verify_HomePageTitle_Test" time="0.032" classname="com.qa.hubspot.tests.HomePageTest"/>
  <testcase name="verify_HomePageHeader_Test" time="2.572" classname="com.qa.hubspot.tests.HomePageTest"/>
  <testcase name="verify_Useraccount_Test" time="4.960" classname="com.qa.hubspot.tests.HomePageTest"/>
</testsuite> <!-- com.qa.hubspot.tests.HomePageTest -->
