<?xml version="1.0" encoding="UTF-8"?>
<!-- Generated by org.testng.reporters.JUnitReportReporter -->
<testsuite skipped="0" hostname="DESKTOP-OO9JJOQ" name="com.qa.hubspot.tests.sampleTest" tests="1" failures="0" timestamp="28 Apr 2020 04:55:09 GMT" time="0.782" errors="0">
  <testcase name="login" time="0.782" classname="com.qa.hubspot.tests.sampleTest"/>
</testsuite> <!-- com.qa.hubspot.tests.sampleTest -->
