<?xml version="1.0" encoding="UTF-8"?>
<!-- Generated by org.testng.reporters.JUnitReportReporter -->
<testsuite skipped="0" hostname="DESKTOP-OO9JJOQ" name="com.qa.hubspot.tests.HomePageTest" tests="3" failures="0" timestamp="28 Oct 2020 15:46:06 GMT" time="12.676" errors="0">
  <testcase name="verify_HomePageTitle_Test" time="0.372" classname="com.qa.hubspot.tests.HomePageTest"/>
  <testcase name="verify_HomePageHeader_Test" time="4.584" classname="com.qa.hubspot.tests.HomePageTest"/>
  <testcase name="verify_Useraccount_Test" time="7.720" classname="com.qa.hubspot.tests.HomePageTest"/>
</testsuite> <!-- com.qa.hubspot.tests.HomePageTest -->
