<?xml version="1.0" encoding="UTF-8"?>
<!-- Generated by org.testng.reporters.JUnitReportReporter -->
<testsuite skipped="0" hostname="DESKTOP-OO9JJOQ" name="com.qa.hubspot.tests.ContactsPageTest" tests="5" failures="0" timestamp="29 Oct 2020 23:07:05 GMT" time="118.411" errors="0">
  <testcase name="verify_ContactsPageTitle_Test" time="1.528" classname="com.qa.hubspot.tests.ContactsPageTest"/>
  <testcase name="createNewContact_Test" time="28.088" classname="com.qa.hubspot.tests.ContactsPageTest"/>
  <testcase name="createNewContact_Test" time="30.578" classname="com.qa.hubspot.tests.ContactsPageTest"/>
  <testcase name="createNewContact_Test" time="24.636" classname="com.qa.hubspot.tests.ContactsPageTest"/>
  <testcase name="createNewContact_Test" time="33.581" classname="com.qa.hubspot.tests.ContactsPageTest"/>
</testsuite> <!-- com.qa.hubspot.tests.ContactsPageTest -->
